2024.02.06 16:45:38 INFO  Started: Metals version 1.2.0 in folders '/media/Uni/Intern-projects/Verilator/template' for client VSCodium 1.85.2.[0m
2024.02.06 16:45:39 WARN  Build server is not auto-connectable.[0m
2024.02.06 17:07:31 INFO  Shutting down server[0m
2024.02.06 17:07:31 INFO  shutting down Metals[0m
2024.02.06 17:07:31 INFO  Exiting server[0m
2024.02.07 23:19:16 INFO  Started: Metals version 1.2.0 in folders '/media/Uni/Intern-projects/Practice/Verilator/template' for client VSCodium 1.85.2.[0m
2024.02.07 23:19:17 WARN  Build server is not auto-connectable.[0m
2024.02.07 23:20:49 INFO  Shutting down server[0m
2024.02.07 23:20:49 INFO  shutting down Metals[0m
2024.02.07 23:20:49 INFO  Exiting server[0m
2024.02.07 23:22:27 INFO  Started: Metals version 1.2.1 in folders '/media/Uni/Intern-projects/Practice/Verilator/template' for client VSCodium 1.85.2.[0m
Could not download using Maven: java.lang.RuntimeException: java.io.IOException: Cannot run program "mvn": error=2, No such file or directory
Downloading https://repo1.maven.org/maven2/com/h2database/h2/2.1.214/h2-2.1.214.jar
Downloaded 1132865 bytes
Downloaded 2061633 bytes
2024.02.07 23:22:30 INFO  Upgraded H2 database.[0m
23:22:31.097 [pool-1-thread-9] INFO org.flywaydb.core.internal.license.VersionPrinter -- Flyway Community Edition 9.22.3 by Redgate
23:22:31.100 [pool-1-thread-9] INFO org.flywaydb.core.internal.license.VersionPrinter -- See release notes here: https://rd.gt/416ObMi
23:22:31.100 [pool-1-thread-9] INFO org.flywaydb.core.internal.license.VersionPrinter -- 
23:22:31.102 [pool-1-thread-9] DEBUG org.flywaydb.core.internal.scanner.classpath.ClassPathScanner -- Scanning for classpath resources at 'classpath:db/callback' ...
23:22:31.103 [pool-1-thread-9] DEBUG org.flywaydb.core.internal.scanner.classpath.ClassPathScanner -- Determining location urls for classpath:db/callback using ClassLoader jdk.internal.loader.ClassLoaders$AppClassLoader@277050dc ...
23:22:31.103 [pool-1-thread-9] DEBUG org.flywaydb.core.internal.scanner.classpath.ClassPathScanner -- Unable to resolve location classpath:db/callback.
23:22:31.103 [pool-1-thread-9] DEBUG org.flywaydb.core.internal.scanner.classpath.ClassPathScanner -- Scanning for classpath resources at 'classpath:db/migration' ...
23:22:31.103 [pool-1-thread-9] DEBUG org.flywaydb.core.internal.scanner.classpath.ClassPathScanner -- Determining location urls for classpath:db/migration using ClassLoader jdk.internal.loader.ClassLoaders$AppClassLoader@277050dc ...
23:22:31.103 [pool-1-thread-9] DEBUG org.flywaydb.core.internal.scanner.classpath.ClassPathScanner -- Scanning URL: jar:file:/home/mcr-paradox/.cache/coursier/v1/https/repo1.maven.org/maven2/org/scalameta/metals_2.13/1.2.1/metals_2.13-1.2.1.jar!/db/migration
23:22:31.106 [pool-1-thread-9] DEBUG org.flywaydb.core.internal.scanner.classpath.ClassPathScanner -- Found resource: db/migration/
23:22:31.106 [pool-1-thread-9] DEBUG org.flywaydb.core.internal.scanner.classpath.ClassPathScanner -- Found resource: db/migration/V1__Create_tables.sql
23:22:31.106 [pool-1-thread-9] DEBUG org.flywaydb.core.internal.scanner.classpath.ClassPathScanner -- Found resource: db/migration/V2__Server_discovery.sql
23:22:31.106 [pool-1-thread-9] DEBUG org.flywaydb.core.internal.scanner.classpath.ClassPathScanner -- Found resource: db/migration/V3__Jar_symbols.sql
23:22:31.106 [pool-1-thread-9] DEBUG org.flywaydb.core.internal.scanner.classpath.ClassPathScanner -- Found resource: db/migration/V4__Fingerprints.sql
23:22:31.106 [pool-1-thread-9] DEBUG org.flywaydb.core.internal.scanner.classpath.ClassPathScanner -- Scanning for classes at classpath:db/migration
23:22:31.109 [pool-1-thread-9] DEBUG org.flywaydb.core.internal.scanner.Scanner -- Filtering out resource: db/migration/ (filename: )
23:22:31.109 [pool-1-thread-9] DEBUG org.flywaydb.core.internal.resource.ResourceNameValidator -- Validating V4__Fingerprints.sql
23:22:31.110 [pool-1-thread-9] DEBUG org.flywaydb.core.internal.resource.ResourceNameValidator -- Validating V2__Server_discovery.sql
23:22:31.110 [pool-1-thread-9] DEBUG org.flywaydb.core.internal.resource.ResourceNameValidator -- Validating V1__Create_tables.sql
23:22:31.110 [pool-1-thread-9] DEBUG org.flywaydb.core.internal.resource.ResourceNameValidator -- Validating V3__Jar_symbols.sql
23:22:31.196 [pool-1-thread-9] INFO org.flywaydb.core.FlywayExecutor -- Database: jdbc:h2:file:/media/Uni/Intern-projects/Practice/Verilator/template/.metals/metals (H2 2.2)
23:22:31.196 [pool-1-thread-9] DEBUG org.flywaydb.core.FlywayExecutor -- Driver: H2 JDBC Driver 2.2.224 (2023-09-17)
23:22:31.196 [pool-1-thread-9] DEBUG org.flywaydb.core.FlywayExecutor -- DDL Transactions Supported: false
23:22:31.197 [pool-1-thread-9] DEBUG org.flywaydb.core.internal.schemahistory.SchemaHistoryFactory -- Schemas: 
23:22:31.197 [pool-1-thread-9] DEBUG org.flywaydb.core.internal.schemahistory.SchemaHistoryFactory -- Default schema: null
23:22:31.201 [pool-1-thread-9] WARN org.flywaydb.core.internal.database.base.Database -- Flyway upgrade recommended: H2 2.2.224 is newer than this version of Flyway and support has not been tested. The latest supported version of H2 is 2.2.220.
23:22:31.203 [pool-1-thread-9] DEBUG org.flywaydb.core.internal.callback.SqlScriptCallbackFactory -- Scanning for SQL callbacks ...
23:22:31.203 [pool-1-thread-9] DEBUG org.flywaydb.core.internal.scanner.Scanner -- Filtering out resource: db/migration/ (filename: )
23:22:31.210 [pool-1-thread-9] DEBUG org.flywaydb.core.internal.command.DbValidate -- Validating migrations ...
23:22:31.213 [pool-1-thread-9] DEBUG org.flywaydb.core.internal.scanner.Scanner -- Filtering out resource: db/migration/ (filename: )
23:22:31.221 [pool-1-thread-9] DEBUG org.flywaydb.core.internal.scanner.Scanner -- Filtering out resource: db/migration/V4__Fingerprints.sql (filename: V4__Fingerprints.sql)
23:22:31.222 [pool-1-thread-9] DEBUG org.flywaydb.core.internal.scanner.Scanner -- Filtering out resource: db/migration/V2__Server_discovery.sql (filename: V2__Server_discovery.sql)
23:22:31.222 [pool-1-thread-9] DEBUG org.flywaydb.core.internal.scanner.Scanner -- Filtering out resource: db/migration/V1__Create_tables.sql (filename: V1__Create_tables.sql)
23:22:31.222 [pool-1-thread-9] DEBUG org.flywaydb.core.internal.scanner.Scanner -- Filtering out resource: db/migration/V3__Jar_symbols.sql (filename: V3__Jar_symbols.sql)
23:22:31.222 [pool-1-thread-9] DEBUG org.flywaydb.core.internal.scanner.Scanner -- Filtering out resource: db/migration/ (filename: )
23:22:31.223 [pool-1-thread-9] DEBUG org.flywaydb.core.internal.scanner.Scanner -- Filtering out resource: db/migration/V4__Fingerprints.sql (filename: V4__Fingerprints.sql)
23:22:31.223 [pool-1-thread-9] DEBUG org.flywaydb.core.internal.scanner.Scanner -- Filtering out resource: db/migration/V2__Server_discovery.sql (filename: V2__Server_discovery.sql)
23:22:31.223 [pool-1-thread-9] DEBUG org.flywaydb.core.internal.scanner.Scanner -- Filtering out resource: db/migration/V1__Create_tables.sql (filename: V1__Create_tables.sql)
23:22:31.223 [pool-1-thread-9] DEBUG org.flywaydb.core.internal.scanner.Scanner -- Filtering out resource: db/migration/V3__Jar_symbols.sql (filename: V3__Jar_symbols.sql)
23:22:31.223 [pool-1-thread-9] DEBUG org.flywaydb.core.internal.scanner.Scanner -- Filtering out resource: db/migration/ (filename: )
23:22:31.233 [pool-1-thread-9] INFO org.flywaydb.core.internal.command.DbValidate -- Successfully validated 4 migrations (execution time 00:00.023s)
23:22:31.235 [pool-1-thread-9] DEBUG org.flywaydb.core.internal.command.DbSchemas -- Skipping creation of existing schema: "PUBLIC"
23:22:31.240 [pool-1-thread-9] INFO org.flywaydb.core.internal.command.DbMigrate -- Current version of schema "PUBLIC": 4
23:22:31.243 [pool-1-thread-9] INFO org.flywaydb.core.internal.command.DbMigrate -- Schema "PUBLIC" is up to date. No migration necessary.
23:22:31.598 [pool-1-thread-9] DEBUG org.flywaydb.core.FlywayExecutor -- Memory usage: 30 of 120M
2024.02.07 23:22:31 WARN  Build server is not auto-connectable.[0m
